2024-12-20 15:29:26.855 [info] Reading sessions from keychain...
2024-12-20 15:29:26.855 [info] Getting sessions for all scopes...
2024-12-20 15:29:26.855 [info] Getting sessions for all scopes...
2024-12-20 15:29:26.855 [info] Got stored sessions!
2024-12-20 15:29:26.855 [info] Got 1 verified sessions.
2024-12-20 15:29:26.855 [info] Got 1 sessions for ...
2024-12-20 15:29:26.855 [info] Got 1 sessions for ...
2024-12-20 15:29:26.855 [info] Getting sessions for all scopes...
2024-12-20 15:29:26.855 [info] Got 1 sessions for ...
2024-12-20 15:29:26.855 [info] Getting sessions for all scopes...
2024-12-20 15:29:26.855 [info] Got 1 sessions for ...
2024-12-20 15:29:26.855 [info] Getting sessions for all scopes...
2024-12-20 15:29:26.855 [info] Got 1 sessions for ...
2024-12-20 15:29:26.855 [info] Getting sessions for all scopes...
2024-12-20 15:29:26.855 [info] Got 1 sessions for ...
2024-12-20 15:29:26.855 [info] Getting sessions for all scopes...
2024-12-20 15:29:26.855 [info] Got 1 sessions for ...
2024-12-20 15:29:27.286 [info] Getting sessions for user:email...
2024-12-20 15:29:27.286 [info] Got 1 sessions for user:email...
2024-12-20 15:29:29.189 [info] Getting sessions for all scopes...
2024-12-20 15:29:29.189 [info] Got 1 sessions for ...
