2024-12-17 14:18:10.528 [info] Using settings sync service https://vscode-sync.trafficmanager.net/
2024-12-17 14:18:10.528 [info] Auto Sync is disabled.
2024-12-17 14:20:23.060 [info] Sync started.
2024-12-17 14:20:23.329 [info] Did reset the local sync state.
2024-12-17 14:20:23.337 [info] Settings: Migrating last sync user data. Resource does not exist.
2024-12-17 14:20:23.338 [info] Settings: Last sync data state does not exist.
2024-12-17 14:20:23.451 [info] Settings: Migrating last sync user data. Resource does not exist.
2024-12-17 14:20:23.452 [info] Settings: Last sync data state does not exist.
2024-12-17 14:20:23.596 [info] GlobalState: Migrating last sync user data. Resource does not exist.
2024-12-17 14:20:23.596 [info] GlobalState: Last sync data state does not exist.
2024-12-17 14:20:23.646 [info] Keybindings: Migrating last sync user data. Resource does not exist.
2024-12-17 14:20:23.646 [info] Keybindings: Last sync data state does not exist.
2024-12-17 14:20:23.707 [info] GlobalState: Migrating last sync user data. Resource does not exist.
2024-12-17 14:20:23.707 [info] GlobalState: Last sync data state does not exist.
2024-12-17 14:20:23.726 [info] Snippets: Migrating last sync user data. Resource does not exist.
2024-12-17 14:20:23.728 [info] Snippets: Last sync data state does not exist.
2024-12-17 14:20:23.828 [info] Tasks: Migrating last sync user data. Resource does not exist.
2024-12-17 14:20:23.829 [info] Tasks: Last sync data state does not exist.
2024-12-17 14:20:23.892 [info] GlobalState: Migrating last sync user data. Resource does not exist.
2024-12-17 14:20:23.894 [info] GlobalState: Last sync data state does not exist.
2024-12-17 14:20:24.005 [info] Extensions: Migrating last sync user data. Resource does not exist.
2024-12-17 14:20:24.006 [info] Extensions: Last sync data state does not exist.
2024-12-17 14:20:24.222 [info] Profiles: Migrating last sync user data. Resource does not exist.
2024-12-17 14:20:24.223 [info] Profiles: Last sync data state does not exist.
2024-12-17 14:20:24.306 [info] Profiles: Migrating last sync user data. Resource does not exist.
2024-12-17 14:20:24.307 [info] Profiles: Last sync data state does not exist.
2024-12-17 14:20:24.370 [info] Settings: Updated local settings
2024-12-17 14:20:24.394 [info] Settings: Updated last synchronized settings
2024-12-17 14:20:24.410 [info] Keybindings: No changes found during synchronizing keybindings.
2024-12-17 14:20:24.437 [info] Keybindings: Updated last synchronized keybindings
2024-12-17 14:20:24.444 [info] Snippets: No changes found during synchronizing snippets.
2024-12-17 14:20:24.449 [info] Snippets: Updated last synchronized snippets
2024-12-17 14:20:24.452 [info] Tasks: No changes found during synchronizing tasks.
2024-12-17 14:20:24.465 [info] Tasks: Updated last synchronized tasks
2024-12-17 14:20:24.479 [info] GlobalState: Updated global state ["workbench.chat.hideMovedChatWelcomeView","memento/gettingStartedService","workbench.view.extensions.state.hidden","workbench.view.extension.cspell-info-explorer.state.hidden","workbench.view.extension.cspellPanel.state.hidden","workbench.welcomePage.hiddenCategories","typescript.1.editedCount","typescript.1.editedDate","javascript.1.editedCount","javascript.1.editedDate","workbench.explorer.views.state.hidden","workbench.activity.pinnedViewlets2","workbench.panel.pinnedPanels","workbench.auxiliarybar.pinnedPanels","colorThemeData","nps/lastSessionDate","nps/sessionCount","cpp.1.lastSessionDate","cpp.1.sessionCount","java.2.lastSessionDate","java.2.sessionCount","javascript.1.lastSessionDate","javascript.1.sessionCount","typescript.1.lastSessionDate","typescript.1.sessionCount","csharp.1.lastSessionDate","csharp.1.sessionCount"]
2024-12-17 14:20:24.484 [info] GlobalState: Updated local ui state
2024-12-17 14:20:24.489 [info] GlobalState: Updated last synchronized ui state
2024-12-17 14:20:25.142 [info] Extensions: Disabled extension streetsidesoftware.code-spell-checker 4.0.21
2024-12-17 14:20:25.406 [info] Extensions: Migrating last sync user data. Resource does not exist.
2024-12-17 14:20:25.406 [info] Extensions: Last sync data state does not exist.
2024-12-17 14:20:39.511 [info] Extensions: Installed extension. juanmnl.vscode-theme-1984 0.3.4
2024-12-17 14:20:39.512 [info] Extensions: Installed extension. ecmel.vscode-html-css 2.0.11
2024-12-17 14:20:39.512 [info] Extensions: Installed extension. xabikos.javascriptsnippets 1.8.0
2024-12-17 14:20:39.512 [info] Extensions: Installed extension. dracula-theme.theme-dracula 2.25.1
2024-12-17 14:20:39.512 [info] Extensions: Installed extension. bracketpaircolordlw.bracket-pair-color-dlw 0.0.6
2024-12-17 14:20:39.512 [info] Extensions: Installed extension. rodrigovallades.es7-react-js-snippets 1.9.3
2024-12-17 14:20:39.513 [info] Extensions: Installed extension. xabikos.reactsnippets 2.4.0
2024-12-17 14:20:39.513 [info] Extensions: Installed extension. formulahendry.auto-close-tag 0.5.15
2024-12-17 14:20:39.513 [info] Extensions: Installed extension. dbaeumer.vscode-eslint 3.0.10
2024-12-17 14:20:39.513 [info] Extensions: Installed extension. s-nlf-fh.glassit 0.2.6
2024-12-17 14:20:39.513 [info] Extensions: Installed extension. christian-kohler.npm-intellisense 1.4.5
2024-12-17 14:20:39.514 [info] Extensions: Installed extension. yzhang.markdown-all-in-one 3.6.2
2024-12-17 14:20:39.514 [info] Extensions: Installed extension. christian-kohler.path-intellisense 2.10.0
2024-12-17 14:20:39.514 [info] Extensions: Installed extension. bradlc.vscode-tailwindcss 0.12.16
2024-12-17 14:20:39.514 [info] Extensions: Installed extension. rvest.vs-code-prettier-eslint 6.0.0
2024-12-17 14:20:39.514 [info] Extensions: Installed extension. streetsidesoftware.code-spell-checker 4.0.21
2024-12-17 14:20:39.514 [info] Extensions: Installed extension. pkief.material-icon-theme 5.15.0
2024-12-17 14:20:39.515 [info] Extensions: Installed extension. steoates.autoimport 1.5.4
2024-12-17 14:20:39.525 [info] Extensions: Updated last synchronized extensions.
2024-12-17 14:20:39.530 [info] Profiles: No changes found during synchronizing profiles.
2024-12-17 14:20:39.539 [info] Profiles: Updated last synchronized profiles.
2024-12-17 14:20:39.539 [info] Sync done. Took 16480ms
2024-12-17 14:20:39.646 [info] Auto Sync: Triggered by Interval
2024-12-17 14:20:39.646 [info] Sync started.
2024-12-17 14:20:39.806 [info] Settings: No changes found during synchronizing settings.
2024-12-17 14:20:39.815 [info] Keybindings: No changes found during synchronizing keybindings.
2024-12-17 14:20:39.821 [info] Snippets: No changes found during synchronizing snippets.
2024-12-17 14:20:39.825 [info] Tasks: No changes found during synchronizing tasks.
2024-12-17 14:20:40.201 [info] GlobalState: Updated remote ui state. Updated: memento/gettingStartedService.
2024-12-17 14:20:40.207 [info] GlobalState: Updated last synchronized ui state
2024-12-17 14:20:40.278 [info] Extensions: No changes found during synchronizing extensions.
2024-12-17 14:20:40.280 [info] Profiles: No changes found during synchronizing profiles.
2024-12-17 14:20:40.283 [info] Sync done. Took 637ms
2024-12-17 14:20:43.061 [info] Auto Sync: Triggered by Activity
2024-12-17 14:20:43.062 [info] Sync started.
2024-12-17 14:20:43.112 [info] Settings: No changes found during synchronizing settings.
2024-12-17 14:20:43.126 [info] Keybindings: No changes found during synchronizing keybindings.
2024-12-17 14:20:43.140 [info] Snippets: No changes found during synchronizing snippets.
2024-12-17 14:20:43.149 [info] Tasks: No changes found during synchronizing tasks.
2024-12-17 14:20:43.557 [info] GlobalState: Updated remote ui state. Updated: memento/gettingStartedService.
2024-12-17 14:20:43.564 [info] GlobalState: Updated last synchronized ui state
2024-12-17 14:20:43.726 [info] Extensions: No changes found during synchronizing extensions.
2024-12-17 14:20:43.728 [info] Profiles: No changes found during synchronizing profiles.
2024-12-17 14:20:43.730 [info] Sync done. Took 672ms
2024-12-17 14:20:45.376 [info] Auto Sync: Triggered by Activity
2024-12-17 14:20:45.376 [info] Sync started.
2024-12-17 14:20:45.430 [info] Settings: No changes found during synchronizing settings.
2024-12-17 14:20:45.442 [info] Keybindings: No changes found during synchronizing keybindings.
2024-12-17 14:20:45.451 [info] Snippets: No changes found during synchronizing snippets.
2024-12-17 14:20:45.459 [info] Tasks: No changes found during synchronizing tasks.
2024-12-17 14:20:45.463 [info] GlobalState: No changes found during synchronizing ui state.
2024-12-17 14:20:45.518 [info] Extensions: No changes found during synchronizing extensions.
2024-12-17 14:20:45.521 [info] Profiles: No changes found during synchronizing profiles.
2024-12-17 14:20:45.521 [info] Sync done. Took 146ms
2024-12-17 14:21:54.344 [info] Auto Sync: Triggered by Activity
2024-12-17 14:21:54.344 [info] Sync started.
2024-12-17 14:21:54.385 [info] Settings: No changes found during synchronizing settings.
2024-12-17 14:21:54.390 [info] Keybindings: No changes found during synchronizing keybindings.
2024-12-17 14:21:54.396 [info] Snippets: No changes found during synchronizing snippets.
2024-12-17 14:21:54.401 [info] Tasks: No changes found during synchronizing tasks.
2024-12-17 14:21:54.407 [info] GlobalState: No changes found during synchronizing ui state.
2024-12-17 14:21:54.469 [info] Extensions: No changes found during synchronizing extensions.
2024-12-17 14:21:54.470 [info] Profiles: No changes found during synchronizing profiles.
2024-12-17 14:21:54.472 [info] Sync done. Took 128ms
2024-12-17 14:22:08.940 [info] Auto Sync: Triggered by Activity
2024-12-17 14:22:08.942 [info] Sync started.
2024-12-17 14:22:09.003 [info] Settings: No changes found during synchronizing settings.
2024-12-17 14:22:09.009 [info] Keybindings: No changes found during synchronizing keybindings.
2024-12-17 14:22:09.014 [info] Snippets: No changes found during synchronizing snippets.
2024-12-17 14:22:09.017 [info] Tasks: No changes found during synchronizing tasks.
2024-12-17 14:22:09.020 [info] GlobalState: No changes found during synchronizing ui state.
2024-12-17 14:22:09.071 [info] Extensions: No changes found during synchronizing extensions.
2024-12-17 14:22:09.073 [info] Profiles: No changes found during synchronizing profiles.
2024-12-17 14:22:09.074 [info] Sync done. Took 139ms
2024-12-17 14:22:52.063 [info] Auto Sync: Triggered by Activity
2024-12-17 14:22:52.064 [info] Sync started.
2024-12-17 14:22:52.113 [info] Settings: No changes found during synchronizing settings.
2024-12-17 14:22:52.126 [info] Keybindings: No changes found during synchronizing keybindings.
2024-12-17 14:22:52.136 [info] Snippets: No changes found during synchronizing snippets.
2024-12-17 14:22:52.145 [info] Tasks: No changes found during synchronizing tasks.
2024-12-17 14:22:52.152 [info] GlobalState: No changes found during synchronizing ui state.
2024-12-17 14:22:52.211 [info] Extensions: No changes found during synchronizing extensions.
2024-12-17 14:22:52.213 [info] Profiles: No changes found during synchronizing profiles.
2024-12-17 14:22:52.214 [info] Sync done. Took 154ms
2024-12-17 14:23:25.425 [info] Auto Sync: Triggered by Activity
2024-12-17 14:23:25.426 [info] Sync started.
2024-12-17 14:23:25.482 [info] Settings: No changes found during synchronizing settings.
2024-12-17 14:23:25.494 [info] Keybindings: No changes found during synchronizing keybindings.
2024-12-17 14:23:25.507 [info] Snippets: No changes found during synchronizing snippets.
2024-12-17 14:23:25.517 [info] Tasks: No changes found during synchronizing tasks.
2024-12-17 14:23:25.527 [info] GlobalState: No changes found during synchronizing ui state.
2024-12-17 14:23:25.624 [info] Extensions: No changes found during synchronizing extensions.
2024-12-17 14:23:25.625 [info] Profiles: No changes found during synchronizing profiles.
2024-12-17 14:23:25.627 [info] Sync done. Took 207ms
2024-12-17 14:23:56.583 [info] Auto Sync: Triggered by Activity
2024-12-17 14:23:56.583 [info] Sync started.
2024-12-17 14:23:56.637 [info] Settings: No changes found during synchronizing settings.
2024-12-17 14:23:56.640 [info] Keybindings: No changes found during synchronizing keybindings.
2024-12-17 14:23:56.643 [info] Snippets: No changes found during synchronizing snippets.
2024-12-17 14:23:56.646 [info] Tasks: No changes found during synchronizing tasks.
2024-12-17 14:23:56.650 [info] GlobalState: No changes found during synchronizing ui state.
2024-12-17 14:23:56.701 [info] Extensions: No changes found during synchronizing extensions.
2024-12-17 14:23:56.703 [info] Profiles: No changes found during synchronizing profiles.
2024-12-17 14:23:56.704 [info] Sync done. Took 126ms
2024-12-17 14:28:56.752 [info] Auto Sync: Triggered by Interval
2024-12-17 14:28:56.752 [info] Sync started.
2024-12-17 14:28:56.898 [info] Settings: No changes found during synchronizing settings.
2024-12-17 14:28:56.902 [info] Keybindings: No changes found during synchronizing keybindings.
2024-12-17 14:28:56.904 [info] Snippets: No changes found during synchronizing snippets.
2024-12-17 14:28:56.907 [info] Tasks: No changes found during synchronizing tasks.
2024-12-17 14:28:56.910 [info] GlobalState: No changes found during synchronizing ui state.
2024-12-17 14:28:56.952 [info] Extensions: No changes found during synchronizing extensions.
2024-12-17 14:28:56.954 [info] Profiles: No changes found during synchronizing profiles.
2024-12-17 14:28:56.955 [info] Sync done. Took 208ms
2024-12-17 14:30:28.348 [info] Auto Sync: Triggered by Activity
2024-12-17 14:30:28.349 [info] Sync started.
2024-12-17 14:30:28.389 [info] Settings: No changes found during synchronizing settings.
2024-12-17 14:30:28.393 [info] Keybindings: No changes found during synchronizing keybindings.
2024-12-17 14:30:28.396 [info] Snippets: No changes found during synchronizing snippets.
2024-12-17 14:30:28.402 [info] Tasks: No changes found during synchronizing tasks.
2024-12-17 14:30:28.406 [info] GlobalState: No changes found during synchronizing ui state.
2024-12-17 14:30:28.460 [info] Extensions: No changes found during synchronizing extensions.
2024-12-17 14:30:28.462 [info] Profiles: No changes found during synchronizing profiles.
2024-12-17 14:30:28.464 [info] Sync done. Took 123ms
2024-12-17 14:30:46.213 [info] Auto Sync: Triggered by Activity
2024-12-17 14:30:46.215 [info] Sync started.
2024-12-17 14:30:46.268 [info] Settings: No changes found during synchronizing settings.
2024-12-17 14:30:46.272 [info] Keybindings: No changes found during synchronizing keybindings.
2024-12-17 14:30:46.276 [info] Snippets: No changes found during synchronizing snippets.
2024-12-17 14:30:46.279 [info] Tasks: No changes found during synchronizing tasks.
2024-12-17 14:30:46.283 [info] GlobalState: No changes found during synchronizing ui state.
2024-12-17 14:30:46.338 [info] Extensions: No changes found during synchronizing extensions.
2024-12-17 14:30:46.339 [info] Profiles: No changes found during synchronizing profiles.
2024-12-17 14:30:46.340 [info] Sync done. Took 132ms
2024-12-17 14:31:27.127 [info] Auto Sync: Triggered by Activity
2024-12-17 14:31:27.128 [info] Sync started.
2024-12-17 14:31:27.181 [info] Settings: No changes found during synchronizing settings.
2024-12-17 14:31:27.192 [info] Keybindings: No changes found during synchronizing keybindings.
2024-12-17 14:31:27.202 [info] Snippets: No changes found during synchronizing snippets.
2024-12-17 14:31:27.211 [info] Tasks: No changes found during synchronizing tasks.
2024-12-17 14:31:27.221 [info] GlobalState: No changes found during synchronizing ui state.
2024-12-17 14:31:27.279 [info] Extensions: No changes found during synchronizing extensions.
2024-12-17 14:31:27.280 [info] Profiles: No changes found during synchronizing profiles.
2024-12-17 14:31:27.282 [info] Sync done. Took 159ms
2024-12-17 14:31:48.337 [info] Auto Sync: Triggered by Activity
2024-12-17 14:31:48.338 [info] Sync started.
2024-12-17 14:31:48.393 [info] Settings: No changes found during synchronizing settings.
2024-12-17 14:31:48.399 [info] Keybindings: No changes found during synchronizing keybindings.
2024-12-17 14:31:48.403 [info] Snippets: No changes found during synchronizing snippets.
2024-12-17 14:31:48.407 [info] Tasks: No changes found during synchronizing tasks.
2024-12-17 14:31:48.410 [info] GlobalState: No changes found during synchronizing ui state.
2024-12-17 14:31:48.457 [info] Extensions: No changes found during synchronizing extensions.
2024-12-17 14:31:48.458 [info] Profiles: No changes found during synchronizing profiles.
2024-12-17 14:31:48.459 [info] Sync done. Took 125ms
2024-12-17 14:32:30.752 [info] Auto Sync: Triggered by Activity
2024-12-17 14:32:30.752 [info] Sync started.
2024-12-17 14:32:30.806 [info] Settings: No changes found during synchronizing settings.
2024-12-17 14:32:30.809 [info] Keybindings: No changes found during synchronizing keybindings.
2024-12-17 14:32:30.812 [info] Snippets: No changes found during synchronizing snippets.
2024-12-17 14:32:30.815 [info] Tasks: No changes found during synchronizing tasks.
2024-12-17 14:32:30.819 [info] GlobalState: No changes found during synchronizing ui state.
2024-12-17 14:32:30.871 [info] Extensions: No changes found during synchronizing extensions.
2024-12-17 14:32:30.872 [info] Profiles: No changes found during synchronizing profiles.
2024-12-17 14:32:30.874 [info] Sync done. Took 125ms
2024-12-17 14:34:20.739 [info] Auto Sync: Triggered by Activity
2024-12-17 14:34:20.740 [info] Sync started.
2024-12-17 14:34:20.802 [info] Settings: No changes found during synchronizing settings.
2024-12-17 14:34:20.813 [info] Keybindings: No changes found during synchronizing keybindings.
2024-12-17 14:34:20.825 [info] Snippets: No changes found during synchronizing snippets.
2024-12-17 14:34:20.836 [info] Tasks: No changes found during synchronizing tasks.
2024-12-17 14:34:20.847 [info] GlobalState: No changes found during synchronizing ui state.
2024-12-17 14:34:20.937 [info] Extensions: No changes found during synchronizing extensions.
2024-12-17 14:34:20.939 [info] Profiles: No changes found during synchronizing profiles.
2024-12-17 14:34:20.940 [info] Sync done. Took 204ms
2024-12-17 14:35:15.941 [info] Auto Sync: Triggered by Activity
2024-12-17 14:35:15.943 [info] Sync started.
2024-12-17 14:35:15.991 [info] Settings: No changes found during synchronizing settings.
2024-12-17 14:35:15.997 [info] Keybindings: No changes found during synchronizing keybindings.
2024-12-17 14:35:16.002 [info] Snippets: No changes found during synchronizing snippets.
2024-12-17 14:35:16.006 [info] Tasks: No changes found during synchronizing tasks.
2024-12-17 14:35:16.009 [info] GlobalState: No changes found during synchronizing ui state.
2024-12-17 14:35:16.130 [info] Extensions: No changes found during synchronizing extensions.
2024-12-17 14:35:16.133 [info] Profiles: No changes found during synchronizing profiles.
2024-12-17 14:35:16.135 [info] Sync done. Took 199ms
2024-12-17 14:35:35.195 [info] Auto Sync: Triggered by Activity
2024-12-17 14:35:35.197 [info] Sync started.
2024-12-17 14:35:35.256 [info] Settings: No changes found during synchronizing settings.
2024-12-17 14:35:35.281 [info] Keybindings: No changes found during synchronizing keybindings.
2024-12-17 14:35:35.294 [info] Snippets: No changes found during synchronizing snippets.
2024-12-17 14:35:35.303 [info] Tasks: No changes found during synchronizing tasks.
2024-12-17 14:35:35.310 [info] GlobalState: No changes found during synchronizing ui state.
2024-12-17 14:35:35.362 [info] Extensions: No changes found during synchronizing extensions.
2024-12-17 14:35:35.363 [info] Profiles: No changes found during synchronizing profiles.
2024-12-17 14:35:35.365 [info] Sync done. Took 176ms
2024-12-17 14:35:58.268 [info] Auto Sync: Triggered by Activity
2024-12-17 14:35:58.270 [info] Sync started.
2024-12-17 14:35:58.320 [info] Settings: No changes found during synchronizing settings.
2024-12-17 14:35:58.328 [info] Keybindings: No changes found during synchronizing keybindings.
2024-12-17 14:35:58.335 [info] Snippets: No changes found during synchronizing snippets.
2024-12-17 14:35:58.340 [info] Tasks: No changes found during synchronizing tasks.
2024-12-17 14:35:58.343 [info] GlobalState: No changes found during synchronizing ui state.
2024-12-17 14:35:58.383 [info] Extensions: No changes found during synchronizing extensions.
2024-12-17 14:35:58.384 [info] Profiles: No changes found during synchronizing profiles.
2024-12-17 14:35:58.385 [info] Sync done. Took 120ms
2024-12-17 14:36:30.207 [info] Auto Sync: Triggered by Activity
2024-12-17 14:36:30.208 [info] Sync started.
2024-12-17 14:36:30.262 [info] Settings: No changes found during synchronizing settings.
2024-12-17 14:36:30.273 [info] Keybindings: No changes found during synchronizing keybindings.
2024-12-17 14:36:30.282 [info] Snippets: No changes found during synchronizing snippets.
2024-12-17 14:36:30.290 [info] Tasks: No changes found during synchronizing tasks.
2024-12-17 14:36:30.301 [info] GlobalState: No changes found during synchronizing ui state.
2024-12-17 14:36:30.386 [info] Extensions: No changes found during synchronizing extensions.
2024-12-17 14:36:30.388 [info] Profiles: No changes found during synchronizing profiles.
2024-12-17 14:36:30.389 [info] Sync done. Took 187ms
2024-12-17 14:37:02.854 [info] Auto Sync: Triggered by Activity
2024-12-17 14:37:02.855 [info] Sync started.
2024-12-17 14:37:02.914 [info] Settings: No changes found during synchronizing settings.
2024-12-17 14:37:02.925 [info] Keybindings: No changes found during synchronizing keybindings.
2024-12-17 14:37:02.934 [info] Snippets: No changes found during synchronizing snippets.
2024-12-17 14:37:02.941 [info] Tasks: No changes found during synchronizing tasks.
2024-12-17 14:37:02.950 [info] GlobalState: No changes found during synchronizing ui state.
2024-12-17 14:37:03.007 [info] Extensions: No changes found during synchronizing extensions.
2024-12-17 14:37:03.009 [info] Profiles: No changes found during synchronizing profiles.
2024-12-17 14:37:03.010 [info] Sync done. Took 159ms
2024-12-17 14:39:53.551 [info] Auto Sync: Triggered by Activity
2024-12-17 14:39:53.552 [info] Sync started.
2024-12-17 14:39:53.725 [info] Settings: No changes found during synchronizing settings.
2024-12-17 14:39:53.734 [info] Keybindings: No changes found during synchronizing keybindings.
2024-12-17 14:39:53.739 [info] Snippets: No changes found during synchronizing snippets.
2024-12-17 14:39:53.743 [info] Tasks: No changes found during synchronizing tasks.
2024-12-17 14:39:53.747 [info] GlobalState: No changes found during synchronizing ui state.
2024-12-17 14:39:53.790 [info] Extensions: No changes found during synchronizing extensions.
2024-12-17 14:39:53.791 [info] Profiles: No changes found during synchronizing profiles.
2024-12-17 14:39:53.793 [info] Sync done. Took 245ms
2024-12-17 14:40:16.001 [info] Auto Sync: Triggered by Activity
2024-12-17 14:40:16.002 [info] Sync started.
2024-12-17 14:40:16.066 [info] Settings: No changes found during synchronizing settings.
2024-12-17 14:40:16.077 [info] Keybindings: No changes found during synchronizing keybindings.
2024-12-17 14:40:16.085 [info] Snippets: No changes found during synchronizing snippets.
2024-12-17 14:40:16.095 [info] Tasks: No changes found during synchronizing tasks.
2024-12-17 14:40:16.101 [info] GlobalState: No changes found during synchronizing ui state.
2024-12-17 14:40:16.155 [info] Extensions: No changes found during synchronizing extensions.
2024-12-17 14:40:16.157 [info] Profiles: No changes found during synchronizing profiles.
2024-12-17 14:40:16.158 [info] Sync done. Took 159ms
2024-12-17 14:40:34.362 [info] Auto Sync: Triggered by Activity
2024-12-17 14:40:34.363 [info] Sync started.
2024-12-17 14:40:34.427 [info] Settings: No changes found during synchronizing settings.
2024-12-17 14:40:34.436 [info] Keybindings: No changes found during synchronizing keybindings.
2024-12-17 14:40:34.444 [info] Snippets: No changes found during synchronizing snippets.
2024-12-17 14:40:34.448 [info] Tasks: No changes found during synchronizing tasks.
2024-12-17 14:40:34.452 [info] GlobalState: No changes found during synchronizing ui state.
2024-12-17 14:40:34.495 [info] Extensions: No changes found during synchronizing extensions.
2024-12-17 14:40:34.496 [info] Profiles: No changes found during synchronizing profiles.
2024-12-17 14:40:34.498 [info] Sync done. Took 140ms
2024-12-17 14:40:53.939 [info] Auto Sync: Triggered by Activity
2024-12-17 14:40:53.940 [info] Sync started.
2024-12-17 14:40:53.997 [info] Settings: No changes found during synchronizing settings.
2024-12-17 14:40:54.008 [info] Keybindings: No changes found during synchronizing keybindings.
2024-12-17 14:40:54.014 [info] Snippets: No changes found during synchronizing snippets.
2024-12-17 14:40:54.019 [info] Tasks: No changes found during synchronizing tasks.
2024-12-17 14:40:54.023 [info] GlobalState: No changes found during synchronizing ui state.
2024-12-17 14:40:54.076 [info] Extensions: No changes found during synchronizing extensions.
2024-12-17 14:40:54.078 [info] Profiles: No changes found during synchronizing profiles.
2024-12-17 14:40:54.080 [info] Sync done. Took 142ms
2024-12-17 14:41:14.549 [info] Auto Sync: Triggered by Activity
2024-12-17 14:41:14.550 [info] Sync started.
2024-12-17 14:41:14.618 [info] Settings: No changes found during synchronizing settings.
2024-12-17 14:41:14.628 [info] Keybindings: No changes found during synchronizing keybindings.
2024-12-17 14:41:14.637 [info] Snippets: No changes found during synchronizing snippets.
2024-12-17 14:41:14.642 [info] Tasks: No changes found during synchronizing tasks.
2024-12-17 14:41:14.646 [info] GlobalState: No changes found during synchronizing ui state.
2024-12-17 14:41:14.689 [info] Extensions: No changes found during synchronizing extensions.
2024-12-17 14:41:14.690 [info] Profiles: No changes found during synchronizing profiles.
2024-12-17 14:41:14.692 [info] Sync done. Took 146ms
2024-12-17 14:41:52.025 [info] Auto Sync: Triggered by Activity
2024-12-17 14:41:52.025 [info] Sync started.
2024-12-17 14:41:52.094 [info] Settings: No changes found during synchronizing settings.
2024-12-17 14:41:52.103 [info] Keybindings: No changes found during synchronizing keybindings.
2024-12-17 14:41:52.111 [info] Snippets: No changes found during synchronizing snippets.
2024-12-17 14:41:52.116 [info] Tasks: No changes found during synchronizing tasks.
2024-12-17 14:41:52.121 [info] GlobalState: No changes found during synchronizing ui state.
2024-12-17 14:41:52.160 [info] Extensions: No changes found during synchronizing extensions.
2024-12-17 14:41:52.164 [info] Profiles: No changes found during synchronizing profiles.
2024-12-17 14:41:52.165 [info] Sync done. Took 143ms
2024-12-17 14:42:48.799 [info] Auto Sync: Triggered by Activity
2024-12-17 14:42:48.802 [info] Sync started.
2024-12-17 14:42:48.862 [info] Settings: No changes found during synchronizing settings.
2024-12-17 14:42:48.870 [info] Keybindings: No changes found during synchronizing keybindings.
2024-12-17 14:42:48.874 [info] Snippets: No changes found during synchronizing snippets.
2024-12-17 14:42:48.877 [info] Tasks: No changes found during synchronizing tasks.
2024-12-17 14:42:48.880 [info] GlobalState: No changes found during synchronizing ui state.
2024-12-17 14:42:48.925 [info] Extensions: No changes found during synchronizing extensions.
2024-12-17 14:42:48.926 [info] Profiles: No changes found during synchronizing profiles.
2024-12-17 14:42:48.928 [info] Sync done. Took 132ms
2024-12-17 14:47:48.967 [info] Auto Sync: Triggered by Interval
2024-12-17 14:47:48.968 [info] Sync started.
2024-12-17 14:47:49.140 [info] Settings: No changes found during synchronizing settings.
2024-12-17 14:47:49.151 [info] Keybindings: No changes found during synchronizing keybindings.
2024-12-17 14:47:49.160 [info] Snippets: No changes found during synchronizing snippets.
2024-12-17 14:47:49.165 [info] Tasks: No changes found during synchronizing tasks.
2024-12-17 14:47:49.171 [info] GlobalState: No changes found during synchronizing ui state.
2024-12-17 14:47:49.215 [info] Extensions: No changes found during synchronizing extensions.
2024-12-17 14:47:49.217 [info] Profiles: No changes found during synchronizing profiles.
2024-12-17 14:47:49.218 [info] Sync done. Took 253ms
2024-12-17 14:52:49.262 [info] Auto Sync: Triggered by Interval
2024-12-17 14:52:49.264 [info] Sync started.
2024-12-17 14:52:49.421 [info] Settings: No changes found during synchronizing settings.
2024-12-17 14:52:49.434 [info] Keybindings: No changes found during synchronizing keybindings.
2024-12-17 14:52:49.443 [info] Snippets: No changes found during synchronizing snippets.
2024-12-17 14:52:49.448 [info] Tasks: No changes found during synchronizing tasks.
2024-12-17 14:52:49.454 [info] GlobalState: No changes found during synchronizing ui state.
2024-12-17 14:52:49.494 [info] Extensions: No changes found during synchronizing extensions.
2024-12-17 14:52:49.495 [info] Profiles: No changes found during synchronizing profiles.
2024-12-17 14:52:49.497 [info] Sync done. Took 239ms
2024-12-17 14:57:49.528 [info] Auto Sync: Triggered by Interval
2024-12-17 14:57:49.528 [info] Sync started.
2024-12-17 14:57:49.730 [info] Settings: No changes found during synchronizing settings.
2024-12-17 14:57:49.740 [info] Keybindings: No changes found during synchronizing keybindings.
2024-12-17 14:57:49.749 [info] Snippets: No changes found during synchronizing snippets.
2024-12-17 14:57:49.756 [info] Tasks: No changes found during synchronizing tasks.
2024-12-17 14:57:49.760 [info] GlobalState: No changes found during synchronizing ui state.
2024-12-17 14:57:49.810 [info] Extensions: No changes found during synchronizing extensions.
2024-12-17 14:57:49.812 [info] Profiles: No changes found during synchronizing profiles.
2024-12-17 14:57:49.813 [info] Sync done. Took 289ms
2024-12-17 15:02:49.857 [info] Auto Sync: Triggered by Interval
2024-12-17 15:02:49.859 [info] Sync started.
2024-12-17 15:02:50.019 [info] Settings: No changes found during synchronizing settings.
2024-12-17 15:02:50.041 [info] Keybindings: No changes found during synchronizing keybindings.
2024-12-17 15:02:50.059 [info] Snippets: No changes found during synchronizing snippets.
2024-12-17 15:02:50.062 [info] Tasks: No changes found during synchronizing tasks.
2024-12-17 15:02:50.065 [info] GlobalState: No changes found during synchronizing ui state.
2024-12-17 15:02:50.104 [info] Extensions: No changes found during synchronizing extensions.
2024-12-17 15:02:50.105 [info] Profiles: No changes found during synchronizing profiles.
2024-12-17 15:02:50.107 [info] Sync done. Took 254ms
