2024-12-17 21:10:26.499 [info] [main] Log level: Info
2024-12-17 21:10:26.499 [info] [main] Validating found git in: "git"
2024-12-17 21:10:26.499 [info] [main] Using git "2.39.5" from "git"
2024-12-17 21:10:26.499 [info] [Model][doInitialScan] Initial repository scan started
2024-12-17 21:10:26.499 [info] > git rev-parse --show-toplevel [331ms]
2024-12-17 21:10:26.499 [info] > git rev-parse --git-dir --git-common-dir [10ms]
2024-12-17 21:10:26.499 [info] [Model][openRepository] Opened repository: /home/languagedev/projects/dev/hackernews-overlay
2024-12-17 21:10:26.499 [info] > git rev-parse --show-toplevel [17ms]
2024-12-17 21:10:26.499 [info] > git config --get commit.template [29ms]
2024-12-17 21:10:26.517 [info] > git rev-parse --show-toplevel [11ms]
2024-12-17 21:10:26.520 [info] [Model][doInitialScan] Initial repository scan completed - repositories (1), closed repositories (0), parent repositories (0), unsafe repositories (0)
2024-12-17 21:10:26.522 [info] > git for-each-ref --format=%(refname)%00%(upstream:short)%00%(objectname)%00%(upstream:track)%00%(upstream:remotename)%00%(upstream:remoteref) refs/heads/main refs/remotes/main [7ms]
2024-12-17 21:10:26.532 [warning] [Git][revParse] Unable to read file: ENOENT: no such file or directory, open '/home/languagedev/projects/dev/hackernews-overlay/.git/refs/remotes/origin/main'
2024-12-17 21:10:26.558 [info] > git rev-parse refs/remotes/origin/main [26ms]
2024-12-17 21:10:26.585 [info] > git status -z -uall [12ms]
2024-12-17 21:10:26.589 [info] > git for-each-ref --sort -committerdate --format %(refname) %(objectname) %(*objectname) [4ms]
2024-12-17 21:10:26.624 [info] > git for-each-ref --format=%(refname)%00%(upstream:short)%00%(objectname)%00%(upstream:track)%00%(upstream:remotename)%00%(upstream:remoteref) refs/heads/main refs/remotes/main [12ms]
2024-12-17 21:10:26.636 [info] > git config --local branch.main.vscode-merge-base [2ms]
2024-12-17 21:10:26.636 [warning] [Git][config] git config failed: Failed to execute git
2024-12-17 21:10:26.643 [info] > git config --get commit.template [20ms]
2024-12-17 21:10:26.653 [info] > git reflog main --grep-reflog=branch: Created from *. [10ms]
2024-12-17 21:10:26.662 [info] > git for-each-ref --format=%(refname)%00%(upstream:short)%00%(objectname)%00%(upstream:track)%00%(upstream:remotename)%00%(upstream:remoteref) refs/heads/main refs/remotes/main [9ms]
2024-12-17 21:10:26.669 [warning] [Git][revParse] Unable to read file: ENOENT: no such file or directory, open '/home/languagedev/projects/dev/hackernews-overlay/.git/refs/remotes/origin/main'
2024-12-17 21:10:26.677 [info] > git symbolic-ref --short refs/remotes/origin/HEAD [17ms]
2024-12-17 21:10:26.685 [info] > git rev-parse refs/remotes/origin/main [17ms]
2024-12-17 21:10:26.701 [info] > git status -z -uall [10ms]
2024-12-17 21:10:26.702 [info] > git for-each-ref --format=%(refname)%00%(upstream:short)%00%(objectname)%00%(upstream:track)%00%(upstream:remotename)%00%(upstream:remoteref) refs/heads/origin/main refs/remotes/origin/main [19ms]
2024-12-17 21:10:26.710 [info] > git for-each-ref --sort -committerdate --format %(refname) %(objectname) %(*objectname) [11ms]
2024-12-17 21:10:26.724 [info] > git for-each-ref --format=%(refname)%00%(upstream:short)%00%(objectname)%00%(upstream:track)%00%(upstream:remotename)%00%(upstream:remoteref) refs/heads/main refs/remotes/main [4ms]
2024-12-17 21:10:26.733 [info] > git config --local branch.main.vscode-merge-base origin/main [24ms]
2024-12-17 21:10:26.743 [info] > git config --local branch.main.vscode-merge-base [10ms]
2024-12-17 21:10:26.752 [info] > git config --get commit.template [9ms]
2024-12-17 21:10:26.753 [info] > git for-each-ref --format=%(refname)%00%(upstream:short)%00%(objectname)%00%(upstream:track)%00%(upstream:remotename)%00%(upstream:remoteref) refs/heads/origin/main refs/remotes/origin/main [2ms]
2024-12-17 21:10:26.773 [info] > git merge-base refs/heads/main refs/remotes/origin/main [11ms]
2024-12-17 21:10:26.782 [info] > git for-each-ref --format=%(refname)%00%(upstream:short)%00%(objectname)%00%(upstream:track)%00%(upstream:remotename)%00%(upstream:remoteref) refs/heads/main refs/remotes/main [10ms]
2024-12-17 21:10:26.788 [warning] [Git][revParse] Unable to read file: ENOENT: no such file or directory, open '/home/languagedev/projects/dev/hackernews-overlay/.git/refs/remotes/origin/main'
2024-12-17 21:10:26.789 [info] > git diff --name-status -z --diff-filter=ADMR d67ee2de949f4cfcb8defca4bb9280b11d7c76d4...refs/remotes/origin/main [7ms]
2024-12-17 21:10:26.790 [info] > git rev-parse refs/remotes/origin/main [2ms]
2024-12-17 21:10:26.806 [info] > git status -z -uall [9ms]
2024-12-17 21:10:26.807 [info] > git for-each-ref --sort -committerdate --format %(refname) %(objectname) %(*objectname) [3ms]
2024-12-17 21:10:27.007 [info] > git check-ignore -v -z --stdin [2ms]
2024-12-17 21:10:30.831 [info] > git show --textconv :.gitignore [12ms]
2024-12-17 21:10:30.832 [info] > git ls-files --stage -- /home/languagedev/projects/dev/hackernews-overlay/.gitignore [3ms]
2024-12-17 21:10:30.840 [info] > git cat-file -s a547bf36d8d11a4f89c59c144f24795749086dd1 [2ms]
