2024-12-20 15:27:15.030 [info] Reading sessions from keychain...
2024-12-20 15:27:15.030 [info] Getting sessions for all scopes...
2024-12-20 15:27:15.030 [info] Getting sessions for all scopes...
2024-12-20 15:27:15.030 [info] Getting sessions for all scopes...
2024-12-20 15:27:15.030 [info] Getting sessions for all scopes...
2024-12-20 15:27:15.030 [info] Getting sessions for all scopes...
2024-12-20 15:27:15.030 [info] Getting sessions for all scopes...
2024-12-20 15:27:15.030 [info] Getting sessions for all scopes...
2024-12-20 15:27:15.357 [info] Got stored sessions!
2024-12-20 15:27:15.358 [info] Got 1 verified sessions.
2024-12-20 15:27:15.358 [info] Got 1 sessions for ...
2024-12-20 15:27:15.358 [info] Got 1 sessions for ...
2024-12-20 15:27:15.358 [info] Got 1 sessions for ...
2024-12-20 15:27:15.358 [info] Got 1 sessions for ...
2024-12-20 15:27:15.358 [info] Got 1 sessions for ...
2024-12-20 15:27:15.358 [info] Got 1 sessions for ...
2024-12-20 15:27:15.358 [info] Got 1 sessions for ...
2024-12-20 15:27:15.788 [info] Getting sessions for all scopes...
2024-12-20 15:27:15.788 [info] Got 1 sessions for ...
2024-12-20 15:27:16.177 [info] Getting sessions for user:email...
2024-12-20 15:27:16.177 [info] Got 1 sessions for user:email...
2024-12-20 15:27:18.068 [info] Getting sessions for all scopes...
2024-12-20 15:27:18.069 [info] Got 1 sessions for ...
