2024-12-20 15:21:08.011 [info] Reading sessions from keychain...
2024-12-20 15:21:08.011 [info] Getting sessions for all scopes...
2024-12-20 15:21:08.011 [info] Getting sessions for all scopes...
2024-12-20 15:21:08.011 [info] Getting sessions for all scopes...
2024-12-20 15:21:08.011 [info] Getting sessions for all scopes...
2024-12-20 15:21:08.011 [info] Getting sessions for all scopes...
2024-12-20 15:21:08.011 [info] Getting sessions for all scopes...
2024-12-20 15:21:08.011 [info] Getting sessions for all scopes...
2024-12-20 15:21:08.011 [info] Getting sessions for all scopes...
2024-12-20 15:21:08.011 [info] Got stored sessions!
2024-12-20 15:21:08.012 [info] Got 1 verified sessions.
2024-12-20 15:21:08.012 [info] Got 1 sessions for ...
2024-12-20 15:21:08.012 [info] Got 1 sessions for ...
2024-12-20 15:21:08.012 [info] Got 1 sessions for ...
2024-12-20 15:21:08.012 [info] Got 1 sessions for ...
2024-12-20 15:21:08.012 [info] Got 1 sessions for ...
2024-12-20 15:21:08.012 [info] Got 1 sessions for ...
2024-12-20 15:21:08.012 [info] Got 1 sessions for ...
2024-12-20 15:21:08.012 [info] Got 1 sessions for ...
2024-12-20 15:21:08.527 [info] Getting sessions for user:email...
2024-12-20 15:21:08.527 [info] Got 1 sessions for user:email...
2024-12-20 15:21:10.535 [info] Getting sessions for all scopes...
2024-12-20 15:21:10.535 [info] Got 1 sessions for ...
