2024-12-17 14:18:11.572 [info] Reading sessions from keychain...
2024-12-17 14:18:11.572 [info] Getting sessions for all scopes...
2024-12-17 14:18:11.572 [info] Getting sessions for all scopes...
2024-12-17 14:18:11.572 [info] Getting sessions for all scopes...
2024-12-17 14:18:11.572 [info] Getting sessions for all scopes...
2024-12-17 14:18:11.572 [info] Getting sessions for all scopes...
2024-12-17 14:18:11.572 [info] Getting sessions for all scopes...
2024-12-17 14:18:11.572 [info] Getting sessions for all scopes...
2024-12-17 14:18:11.572 [info] Getting sessions for all scopes...
2024-12-17 14:18:11.572 [info] Got 0 sessions for ...
2024-12-17 14:18:11.572 [info] Got 0 sessions for ...
2024-12-17 14:18:11.572 [info] Got 0 sessions for ...
2024-12-17 14:18:11.572 [info] Got 0 sessions for ...
2024-12-17 14:18:11.572 [info] Got 0 sessions for ...
2024-12-17 14:18:11.572 [info] Got 0 sessions for ...
2024-12-17 14:18:11.572 [info] Got 0 sessions for ...
2024-12-17 14:18:11.572 [info] Got 0 sessions for ...
2024-12-17 14:18:12.985 [info] Getting sessions for all scopes...
2024-12-17 14:18:12.985 [info] Got 0 sessions for ...
2024-12-17 14:18:25.282 [info] Getting sessions for user:email...
2024-12-17 14:18:25.286 [info] Got 0 sessions for user:email...
2024-12-17 14:18:27.120 [info] Logging in with 'any' account...
2024-12-17 14:18:27.120 [info] Logging in for the following scopes: user:email
2024-12-17 14:18:27.173 [info] Trying without local server... (user:email)
2024-12-17 14:19:17.822 [info] Exchanging code for token...
2024-12-17 14:19:18.131 [info] Token exchange success!
2024-12-17 14:19:18.137 [info] Getting user info...
2024-12-17 14:19:18.465 [info] Got account info!
2024-12-17 14:19:18.467 [info] Storing 1 sessions...
2024-12-17 14:20:22.971 [info] Reading sessions from keychain...
2024-12-17 14:20:22.971 [info] Stored 1 sessions!
2024-12-17 14:20:22.971 [info] Login success!
2024-12-17 14:20:23.042 [info] Getting sessions for all scopes...
2024-12-17 14:20:23.042 [info] Getting sessions for user:email...
2024-12-17 14:20:23.043 [info] Got stored sessions!
2024-12-17 14:20:23.043 [info] Got 1 verified sessions.
2024-12-17 14:20:23.043 [info] Got 1 sessions for ...
2024-12-17 14:20:23.043 [info] Got 1 sessions for user:email...
