2024-12-17 21:10:14.587 [info] Reading sessions from keychain...
2024-12-17 21:10:14.587 [info] Getting sessions for all scopes...
2024-12-17 21:10:14.587 [info] Getting sessions for all scopes...
2024-12-17 21:10:14.587 [info] Getting sessions for user:email...
2024-12-17 21:10:14.588 [info] Getting sessions for all scopes...
2024-12-17 21:10:14.588 [info] Getting sessions for all scopes...
2024-12-17 21:10:14.588 [info] Getting sessions for all scopes...
2024-12-17 21:10:14.588 [info] Getting sessions for all scopes...
2024-12-17 21:10:14.589 [info] Getting sessions for all scopes...
2024-12-17 21:10:14.726 [info] Got stored sessions!
2024-12-17 21:10:14.726 [info] Got 1 verified sessions.
2024-12-17 21:10:14.726 [info] Got 1 sessions for ...
2024-12-17 21:10:14.726 [info] Got 1 sessions for ...
2024-12-17 21:10:14.726 [info] Got 1 sessions for user:email...
2024-12-17 21:10:14.726 [info] Got 1 sessions for ...
2024-12-17 21:10:14.726 [info] Got 1 sessions for ...
2024-12-17 21:10:14.726 [info] Got 1 sessions for ...
2024-12-17 21:10:14.726 [info] Got 1 sessions for ...
2024-12-17 21:10:14.726 [info] Got 1 sessions for ...
2024-12-17 21:10:16.192 [info] Getting sessions for all scopes...
2024-12-17 21:10:16.192 [info] Got 1 sessions for ...
2024-12-17 21:10:26.644 [info] Getting sessions for read:user,repo,user:email,workflow...
2024-12-17 21:10:26.644 [info] Got 0 sessions for read:user,repo,user:email,workflow...
