2024-12-18 19:40:42.599 [info] Reading sessions from keychain...
2024-12-18 19:40:42.599 [info] Getting sessions for all scopes...
2024-12-18 19:40:42.599 [info] Getting sessions for all scopes...
2024-12-18 19:40:42.599 [info] Getting sessions for all scopes...
2024-12-18 19:40:42.599 [info] Getting sessions for all scopes...
2024-12-18 19:40:42.599 [info] Getting sessions for all scopes...
2024-12-18 19:40:42.599 [info] Getting sessions for all scopes...
2024-12-18 19:40:42.599 [info] Getting sessions for all scopes...
2024-12-18 19:40:42.599 [info] Getting sessions for all scopes...
2024-12-18 19:40:42.660 [info] Got stored sessions!
2024-12-18 19:40:42.660 [info] Got 1 verified sessions.
2024-12-18 19:40:42.660 [info] Got 1 sessions for ...
2024-12-18 19:40:42.660 [info] Got 1 sessions for ...
2024-12-18 19:40:42.660 [info] Got 1 sessions for ...
2024-12-18 19:40:42.660 [info] Got 1 sessions for ...
2024-12-18 19:40:42.660 [info] Got 1 sessions for ...
2024-12-18 19:40:42.660 [info] Got 1 sessions for ...
2024-12-18 19:40:42.660 [info] Got 1 sessions for ...
2024-12-18 19:40:42.660 [info] Got 1 sessions for ...
2024-12-18 19:40:42.938 [info] Getting sessions for user:email...
2024-12-18 19:40:42.939 [info] Got 1 sessions for user:email...
2024-12-18 19:40:43.250 [info] Getting sessions for all scopes...
2024-12-18 19:40:43.250 [info] Got 1 sessions for ...
